* e820ddd Agregando 2 p치rrafos.
*   7633f50 Resolviendo conflicto en estaciones del a침o y el ranking.
|\  
| * 2f01f33 Agregando las estaciones del a침o
* | dcfe876 Agregando estaciones y rankeandolas
|/  
*   0874c91 Resolviendo conflictos entre las ramas html y main de forma manual
|\  
| * 14fbb98 Agregando index.js a la rama html
* | 3b0b241 Agregando style.css al index.html
* |   3a4e64a Merge branch 'js'
|\ \  
| * | ce6bc6a Creando index.js
* | | 856987c Creando styles.css
| |/  
|/|   
* | 16ec5b5 Creando archivo index.html
|/  
* da7a598 Ignorando archivos .exe
* a849cff Creando licencia del repositorio.
* b992d9c Agregado m치s contenido al README
* 2fc08c2 Agregando contenido al README
* f9ffd7c Primer commit :3
